c:\users\josh\documents\software\openframeworks\of_v0.9.8_vs_release\of_v0.9.8_vs_release\apps\myapps\pangolinsdk_example\obj\debug\ofxoscmessage.obj
c:\users\josh\documents\software\openframeworks\of_v0.9.8_vs_release\of_v0.9.8_vs_release\apps\myapps\pangolinsdk_example\obj\debug\osctypes.obj
c:\users\josh\documents\software\openframeworks\of_v0.9.8_vs_release\of_v0.9.8_vs_release\apps\myapps\pangolinsdk_example\obj\debug\tinyxmlerror.obj
c:\users\josh\documents\software\openframeworks\of_v0.9.8_vs_release\of_v0.9.8_vs_release\apps\myapps\pangolinsdk_example\obj\debug\ofxoscbundle.obj
c:\users\josh\documents\software\openframeworks\of_v0.9.8_vs_release\of_v0.9.8_vs_release\apps\myapps\pangolinsdk_example\obj\debug\ofxxmlsettings.obj
c:\users\josh\documents\software\openframeworks\of_v0.9.8_vs_release\of_v0.9.8_vs_release\apps\myapps\pangolinsdk_example\obj\debug\main.obj
c:\users\josh\documents\software\openframeworks\of_v0.9.8_vs_release\of_v0.9.8_vs_release\apps\myapps\pangolinsdk_example\obj\debug\oscprintreceivedelements.obj
c:\users\josh\documents\software\openframeworks\of_v0.9.8_vs_release\of_v0.9.8_vs_release\apps\myapps\pangolinsdk_example\obj\debug\ofxtcpserver.obj
c:\users\josh\documents\software\openframeworks\of_v0.9.8_vs_release\of_v0.9.8_vs_release\apps\myapps\pangolinsdk_example\obj\debug\ofxoscsender.obj
c:\users\josh\documents\software\openframeworks\of_v0.9.8_vs_release\of_v0.9.8_vs_release\apps\myapps\pangolinsdk_example\obj\debug\ofxudpmanager.obj
c:\users\josh\documents\software\openframeworks\of_v0.9.8_vs_release\of_v0.9.8_vs_release\apps\myapps\pangolinsdk_example\obj\debug\ofxoscparametersync.obj
c:\users\josh\documents\software\openframeworks\of_v0.9.8_vs_release\of_v0.9.8_vs_release\apps\myapps\pangolinsdk_example\obj\debug\ofxtcpclient.obj
c:\users\josh\documents\software\openframeworks\of_v0.9.8_vs_release\of_v0.9.8_vs_release\apps\myapps\pangolinsdk_example\obj\debug\ipendpointname.obj
c:\users\josh\documents\software\openframeworks\of_v0.9.8_vs_release\of_v0.9.8_vs_release\apps\myapps\pangolinsdk_example\obj\debug\networkingutils.obj
c:\users\josh\documents\software\openframeworks\of_v0.9.8_vs_release\of_v0.9.8_vs_release\apps\myapps\pangolinsdk_example\obj\debug\udpsocket.obj
c:\users\josh\documents\software\openframeworks\of_v0.9.8_vs_release\of_v0.9.8_vs_release\apps\myapps\pangolinsdk_example\obj\debug\tinyxmlparser.obj
c:\users\josh\documents\software\openframeworks\of_v0.9.8_vs_release\of_v0.9.8_vs_release\apps\myapps\pangolinsdk_example\obj\debug\ofapp.obj
c:\users\josh\documents\software\openframeworks\of_v0.9.8_vs_release\of_v0.9.8_vs_release\apps\myapps\pangolinsdk_example\obj\debug\oscoutboundpacketstream.obj
c:\users\josh\documents\software\openframeworks\of_v0.9.8_vs_release\of_v0.9.8_vs_release\apps\myapps\pangolinsdk_example\obj\debug\oscreceivedelements.obj
c:\users\josh\documents\software\openframeworks\of_v0.9.8_vs_release\of_v0.9.8_vs_release\apps\myapps\pangolinsdk_example\obj\debug\tinyxml.obj
c:\users\josh\documents\software\openframeworks\of_v0.9.8_vs_release\of_v0.9.8_vs_release\apps\myapps\pangolinsdk_example\obj\debug\ofxtcpmanager.obj
c:\users\josh\documents\software\openframeworks\of_v0.9.8_vs_release\of_v0.9.8_vs_release\apps\myapps\pangolinsdk_example\obj\debug\ofxoscreceiver.obj
c:\users\josh\documents\software\openframeworks\of_v0.9.8_vs_release\of_v0.9.8_vs_release\apps\myapps\pangolinsdk_example\obj\debug\vc140.pdb
c:\users\josh\documents\software\openframeworks\of_v0.9.8_vs_release\of_v0.9.8_vs_release\apps\myapps\pangolinsdk_example\obj\debug\pangolin.obj
c:\users\josh\documents\software\openframeworks\of_v0.9.8_vs_release\of_v0.9.8_vs_release\apps\myapps\pangolinsdk_example\bin\pangolinsdk_example_debug.ilk
c:\users\josh\documents\software\openframeworks\of_v0.9.8_vs_release\of_v0.9.8_vs_release\apps\myapps\pangolinsdk_example\bin\pangolinsdk_example_debug.exe
c:\users\josh\documents\software\openframeworks\of_v0.9.8_vs_release\of_v0.9.8_vs_release\apps\myapps\pangolinsdk_example\bin\pangolinsdk_example_debug.pdb
c:\users\josh\documents\software\openframeworks\of_v0.9.8_vs_release\of_v0.9.8_vs_release\apps\myapps\pangolinsdk_example\bin\pangolinsdk_example_debug.lib
c:\users\josh\documents\software\openframeworks\of_v0.9.8_vs_release\of_v0.9.8_vs_release\apps\myapps\pangolinsdk_example\bin\pangolinsdk_example_debug.exp
c:\users\josh\documents\software\openframeworks\of_v0.9.8_vs_release\of_v0.9.8_vs_release\apps\myapps\pangolinsdk_example\obj\debug\icon.res
c:\users\josh\documents\software\openframeworks\of_v0.9.8_vs_release\of_v0.9.8_vs_release\apps\myapps\pangolinsdk_example\obj\debug\pangolinsdk_example.vcxprojresolveassemblyreference.cache
c:\users\josh\documents\software\openframeworks\of_v0.9.8_vs_release\of_v0.9.8_vs_release\apps\myapps\pangolinsdk_example\obj\debug\pangolin.7fd42df7.tlog\cl.command.1.tlog
c:\users\josh\documents\software\openframeworks\of_v0.9.8_vs_release\of_v0.9.8_vs_release\apps\myapps\pangolinsdk_example\obj\debug\pangolin.7fd42df7.tlog\cl.read.1.tlog
c:\users\josh\documents\software\openframeworks\of_v0.9.8_vs_release\of_v0.9.8_vs_release\apps\myapps\pangolinsdk_example\obj\debug\pangolin.7fd42df7.tlog\cl.write.1.tlog
c:\users\josh\documents\software\openframeworks\of_v0.9.8_vs_release\of_v0.9.8_vs_release\apps\myapps\pangolinsdk_example\obj\debug\pangolin.7fd42df7.tlog\link.command.1.tlog
c:\users\josh\documents\software\openframeworks\of_v0.9.8_vs_release\of_v0.9.8_vs_release\apps\myapps\pangolinsdk_example\obj\debug\pangolin.7fd42df7.tlog\link.read.1.tlog
c:\users\josh\documents\software\openframeworks\of_v0.9.8_vs_release\of_v0.9.8_vs_release\apps\myapps\pangolinsdk_example\obj\debug\pangolin.7fd42df7.tlog\link.write.1.tlog
c:\users\josh\documents\software\openframeworks\of_v0.9.8_vs_release\of_v0.9.8_vs_release\apps\myapps\pangolinsdk_example\obj\debug\pangolin.7fd42df7.tlog\pangolinsdk_example.write.1u.tlog
c:\users\josh\documents\software\openframeworks\of_v0.9.8_vs_release\of_v0.9.8_vs_release\apps\myapps\pangolinsdk_example\obj\debug\pangolin.7fd42df7.tlog\rc.command.1.tlog
c:\users\josh\documents\software\openframeworks\of_v0.9.8_vs_release\of_v0.9.8_vs_release\apps\myapps\pangolinsdk_example\obj\debug\pangolin.7fd42df7.tlog\rc.read.1.tlog
c:\users\josh\documents\software\openframeworks\of_v0.9.8_vs_release\of_v0.9.8_vs_release\apps\myapps\pangolinsdk_example\obj\debug\pangolin.7fd42df7.tlog\rc.write.1.tlog
